2020-01-19 21:08:10 info: [0mGET /v0/get-info?q=what%20is%20node%20js [32m201 [0m1365.194 ms - 119000[0m
2020-01-19 21:14:17 info: Listening on port 3000
2020-01-19 21:14:20 info: [0mGET /v0/get-info?q=what%20is%20node%20js [32m201 [0m1204.685 ms - 118857[0m
2020-01-19 21:15:57 info: Listening on port 3000
2020-01-19 21:16:01 info: [0mGET /v0/get-info?q=what%20is%20node%20js [32m201 [0m1169.395 ms - 118762[0m
2020-01-19 21:16:48 info: Listening on port 3000
2020-01-19 21:16:53 info: [0mGET /v0/get-info?q=what%20is%20node%20js [32m201 [0m1465.945 ms - 118666[0m
2020-01-19 21:17:36 info: Listening on port 3000
2020-01-19 21:17:42 info: [0mGET /v0/get-info?q=what%20is%20node%20js [32m201 [0m1003.250 ms - 29[0m
2020-01-19 21:17:54 info: Listening on port 3000
2020-01-19 21:17:57 info: [0mGET /v0/get-info?q=what%20is%20node%20js [32m201 [0m1019.424 ms - 118495[0m
2020-01-19 21:22:29 info: Listening on port 3000
2020-01-19 21:22:33 info: [0mGET /v0/get-info?q=what%20is%20node%20js [32m201 [0m1426.244 ms - 118355[0m
2020-01-19 21:24:34 info: Listening on port 3000
2020-01-19 21:24:37 info: [0mGET /v0/get-info?q=what%20is%20node%20js [31m500 [0m1145.212 ms - 2[0m
2020-01-19 21:24:49 info: Listening on port 3000
2020-01-19 21:24:52 info: [0mGET /v0/get-info?q=what%20is%20node%20js [32m201 [0m1217.180 ms - 74638[0m
2020-01-19 21:30:28 info: Listening on port 3000
2020-01-19 21:30:33 info: [0mGET /v0/get-info?q=what%20is%20node%20js [31m500 [0m1204.808 ms - 2[0m
2020-01-19 21:30:52 info: Listening on port 3000
2020-01-19 21:30:57 info: [0mGET /v0/get-info?q=what%20is%20node%20js [31m500 [0m997.057 ms - 2[0m
2020-01-19 21:31:08 info: Listening on port 3000
2020-01-19 21:31:14 info: [0mGET /v0/get-info?q=what%20is%20node%20js [31m500 [0m1209.864 ms - 2[0m
2020-01-19 21:31:26 info: Listening on port 3000
2020-01-19 21:31:28 info: [0mGET /v0/get-info?q=what%20is%20node%20js [31m500 [0m1299.345 ms - 2[0m
2020-01-19 21:31:47 info: Listening on port 3000
2020-01-19 21:31:49 info: [0mGET /v0/get-info?q=what%20is%20node%20js [32m201 [0m1369.545 ms - 76153[0m
2020-01-19 21:38:26 info: Listening on port 3000
2020-01-19 21:38:58 info: [0mGET /v0/get-info?q=what%20is%20node%20js [31m500 [0m1351.994 ms - 2[0m
2020-01-19 21:39:21 info: Listening on port 3000
2020-01-19 21:39:24 info: [0mGET /v0/get-info?q=what%20is%20node%20js [32m201 [0m1143.035 ms - 2[0m
2020-01-19 21:39:37 info: Listening on port 3000
2020-01-19 21:39:41 info: [0mGET /v0/get-info?q=what%20is%20node%20js [32m201 [0m1286.615 ms - 2[0m
2020-01-19 21:39:49 info: Listening on port 3000
2020-01-19 21:39:51 info: Listening on port 3000
2020-01-19 21:39:54 info: [0mGET /v0/get-info?q=what%20is%20node%20js [32m201 [0m1306.444 ms - 76129[0m
2020-01-19 21:40:35 info: Listening on port 3000
2020-01-19 21:40:44 info: [0mGET /v0/get-info?q=what%20is%20node%20js [32m201 [0m1230.403 ms - 24080[0m
2020-01-19 21:42:03 info: Listening on port 3000
2020-01-19 21:42:10 info: [0mGET /v0/get-info?q=what%20is%20node%20js [32m201 [0m1316.089 ms - 16489[0m
2020-01-19 21:42:40 info: Listening on port 3000
2020-01-19 21:42:44 info: [0mGET /v0/get-info?q=what%20is%20node%20js [32m201 [0m1232.577 ms - 18569[0m
2020-01-19 21:44:10 info: [0mGET /v0/get-info?q=oracle [32m201 [0m1619.328 ms - 30128[0m
2020-01-19 21:52:06 info: [0mGET /v0/get-info?q=what%20is%20node%20js [32m201 [0m1386.413 ms - 18572[0m
2020-01-19 21:53:18 info: [0mGET /png;base64,iVBORw0KGgoAAAANSUhEUgAAABAAAAAQCAYAAAAf8/9hAAACN0lEQVQ4jX2TvUuVcRTHv+f8npd7Q10kwcCUaMyhOazFaL1jtAgJQg01hNGk5VBDU0MRRi1GSJNTDZXRX9BgS2MaWMkV733ufV5+L+c0hCZ69WwHzvnwOZxzCD1i9t21uglpI1ieK3KHorALxvDK4vSb4mAt7U9urF7m1Pedj0LtdhTShljTX1WCvFtlAFaY6Ykx/PXZ1JIcAtz8fOU0K8+YkFyPQ3048jWINXBOURYWzgUY5k029IqJFp9OLa0DAE3ea8RjF8qraZ/OEuicCSnFvo79AOc8ysKBABjDyoa/icrj779+LvPAkI4UzWheAsYPjrR/UjYEUYWIkoiOb3ezeRf8CJuaRi7n2Gamd+8uggkChYgitxWanSwGEDFFAhhF0WKIp6MUAABBBU4CdvIOXPBgYjBFCooEwQFFm6DHABSKri1QeYeIDQwbRBQJoATxiq3NCmlikMRHQ6x4MBESE0Mg/w1KZ9FuWzS37LEWACCqiIxBYmIwJ4qgAd2Ogyqw3SyR5+5YgBMPUfkHUBKftZxzVkAEWCv4/acL1aM9VBWFs67y1nOVy0aehfsA1gAoEbDdKtDulCDquRMl0FqQ8KBddTf2Ki4+nBgBMANgWlWHBwf6cHb4FCQA1gU475FX1WZWFi87VfHi493VdQDYu54fn9bbY5OjXwCsEtGJyvkztTRJa3GCIJqJyFtRvZXbcvn9nQ87u309HS89mqgHkcZg/8Dc6MkhQLFgXVh5PvX60Dv/BWMfQEFjaAROAAAAAElFTkSuQmCC [33m404 [0m3.581 ms - 982[0m
2020-01-19 21:57:03 info: Listening on port 3000
2020-01-19 21:57:21 info: Listening on port 3000
2020-01-19 21:57:35 info: [0mGET /v0/get-info?q=what%20is%20node%20js&count=30 [32m201 [0m1024.137 ms - 13400[0m
2020-01-19 21:58:04 info: [0mGET /v0/get-info?q=what%20is%20node%20js&count=800 [32m201 [0m934.892 ms - 2[0m
2020-01-19 21:58:09 info: [0mGET /v0/get-info?q=what%20is%20node%20js&count=300 [32m201 [0m1049.699 ms - 2[0m
2020-01-19 21:58:13 info: [0mGET /v0/get-info?q=what%20is%20node%20js&count=100 [32m201 [0m864.138 ms - 15035[0m
2020-01-19 21:58:35 info: [0mGET /v0/get-info?q=xnxx&count=100 [32m201 [0m753.952 ms - 1739[0m
2020-01-19 21:58:51 info: [0mGET /v0/get-info?q=xnxx&count=1 [32m201 [0m576.134 ms - 14916[0m
2020-01-19 21:59:14 info: [0mGET /v0/get-info?q=divek%20john&count=1 [32m201 [0m677.449 ms - 11947[0m
